Epoch: [1/5]
Test Accuracy:  0.91625

Epoch: [2/5]
Test Accuracy:  0.96875

Epoch: [3/5]
Test Accuracy:  0.96875

Epoch: [4/5]
Test Accuracy:  0.97375

Epoch: [5/5]
Test Accuracy:  0.987

Number of pruning iterations to remove 67% filters: 5

Layers to be pruned: {14: 12, 24: 55, 28: 236, 12: 10, 19: 43, 26: 62, 17: 44, 21: 31, 10: 10, 0: 2, 7: 3, 5: 2, 2: 2}
Filters pruned: 87.87%
Test Accuracy:  0.97
Fine tuning...

Epoch [1/2]
Test Accuracy:  0.9725

Epoch [2/2]
Test Accuracy:  0.98125
======================================
Layers to be pruned: {28: 90, 17: 69, 21: 61, 26: 101, 24: 72, 19: 56, 14: 16, 12: 15, 5: 9, 10: 13, 7: 5, 2: 1, 0: 4}
Filters pruned: 75.75%
Test Accuracy:  0.92625
Fine tuning...

Epoch [1/2]
Test Accuracy:  0.95875

Epoch [2/2]
Test Accuracy:  0.97
======================================
Layers to be pruned: {24: 96, 7: 8, 19: 69, 21: 69, 17: 74, 26: 88, 14: 22, 10: 27, 0: 2, 28: 32, 12: 18, 5: 5, 2: 2}
Filters pruned: 63.63636363636363%
Test Accuracy:  0.9025
Fine tuning...

Epoch [1/2]
Test Accuracy:  0.965

Epoch [2/2]
Test Accuracy:  0.965
======================================
Layers to be pruned: {28: 38, 0: 10, 17: 63, 10: 25, 24: 75, 14: 21, 26: 76, 21: 85, 19: 60, 2: 7, 5: 13, 7: 18, 12: 21}
Filters pruned: 51.515151515151516%
Test Accuracy:  0.89
Fine tuning...

Epoch [1/2]
Test Accuracy:  0.95875

Epoch [2/2]
Test Accuracy:  0.97
======================================
Layers to be pruned: {19: 86, 17: 75, 21: 69, 24: 64, 10: 40, 26: 51, 28: 28, 7: 16, 14: 35, 5: 8, 12: 31, 0: 5, 2: 4}
Filters pruned: 39.39393939393939%
Test Accuracy:  0.8675
Fine tuning...

Epoch [1/2]
Test Accuracy:  0.94

Epoch [2/2]
Test Accuracy:  0.975
======================================
Final fine tuning...

Epoch [1/4]
Test Accuracy:  0.95375

Epoch [2/4]
Test Accuracy:  0.935

Epoch [3/4]
Test Accuracy:  0.9525

Epoch [4/4]
Test Accuracy:  0.975
